2020-07-29 20:49:18,386 [1] INFO ExcelToDatabase.App -         =============  Started Logging  =============        
2020-07-29 20:49:36,189 [1] ERROR DataAccess.SqlServerDataAccess - Cannot open database "Test7" requested by the login. The login failed.
Login failed for user 'DESKTOP-KGDL9CK\PC'.
2020-07-31 18:19:24,714 [1] INFO ExcelToDatabase.App -         ============= Application Started  =============        
2020-07-31 18:19:28,295 [1] ERROR DataAccess.ExcelDataAccess - Invalid argument.
2020-07-31 18:19:37,350 [1] INFO ExcelToDatabase.App -         ============= Application Started  =============        
2020-07-31 18:20:35,499 [1] INFO ExcelToDatabase.App -         ============= Application Started  =============        
2020-07-31 18:22:15,204 [1] INFO ExcelToDatabase.App -         ============= Application Started  =============        
2020-07-31 18:23:06,470 [1] INFO ExcelToDatabase.App -         ============= Application Started  =============        
2020-07-31 18:23:09,665 [1] ERROR DataAccess.ExcelDataAccess - Invalid argument.
2020-07-31 18:23:16,613 [1] INFO ExcelToDatabase.App -         ============= Application Started  =============        
2020-07-31 18:24:36,157 [1] ERROR DataAccess.SqlServerDataAccess - A network-related or instance-specific error occurred while establishing a connection to SQL Server. The server was not found or was not accessible. Verify that the instance name is correct and that SQL Server is configured to allow remote connections. (provider: Named Pipes Provider, error: 40 - Could not open a connection to SQL Server)
2020-08-03 20:35:43,093 [1] INFO ExcelToDatabase.App -         ============= Application Started  =============        
2020-08-03 20:35:53,895 [1] INFO ExcelToDatabase.App -         ============= Application Started  =============        
2020-08-03 20:35:56,553 [1] ERROR DataAccess.ExcelDataAccess - Invalid argument.
2020-08-03 20:37:06,755 [1] INFO ExcelToDatabase.App -         ============= Application Started  =============        
2020-08-03 20:37:11,444 [1] ERROR DataAccess.ExcelDataAccess - Invalid argument.
2020-08-03 20:37:21,697 [1] INFO ExcelToDatabase.App -         ============= Application Started  =============        
2020-08-03 20:38:18,924 [1] ERROR DataAccess.SqlServerDataAccess - Cannot open database "Test5" requested by the login. The login failed.
Login failed for user 'DESKTOP-KGDL9CK\PC'.
2020-08-03 20:41:02,838 [1] INFO ExcelToDatabase.App -         ============= Application Started  =============        
2020-08-03 20:41:30,841 [1] ERROR DataAccess.SqlServerDataAccess - Cannot open database "sdf" requested by the login. The login failed.
Login failed for user 'DESKTOP-KGDL9CK\PC'.
2020-08-03 20:42:02,732 [1] INFO ExcelToDatabase.App -         ============= Application Started  =============        
2020-08-03 20:42:23,639 [1] ERROR DataAccess.SqlServerDataAccess - Cannot open database "rty" requested by the login. The login failed.
Login failed for user 'DESKTOP-KGDL9CK\PC'.
2020-08-03 20:43:02,628 [1] ERROR DataAccess.SqlServerDataAccess - The given value of type String from the data source cannot be converted to type uniqueidentifier of the specified target column.
2020-08-03 20:43:03,950 [1] ERROR DataAccess.SqlServerDataAccess - The given value of type String from the data source cannot be converted to type uniqueidentifier of the specified target column.
2020-08-03 20:43:06,671 [1] ERROR DataAccess.SqlServerDataAccess - The given value of type String from the data source cannot be converted to type uniqueidentifier of the specified target column.
2020-08-03 20:47:13,533 [1] INFO ExcelToDatabase.App -         ============= Application Started  =============        
2020-08-03 20:49:11,090 [1] INFO ExcelToDatabase.App -         ============= Application Started  =============        
2020-08-03 20:49:33,883 [1] ERROR DataAccess.SqlServerDataAccess - The given value of type String from the data source cannot be converted to type uniqueidentifier of the specified target column.
2020-08-03 20:50:48,773 [1] INFO ExcelToDatabase.App -         ============= Application Started  =============        
2020-08-15 18:31:07,971 [1] INFO ExcelToDatabase.App -         ============= Application Started  =============        
2020-08-15 18:31:37,992 [1] ERROR DataAccess.SqlServerDataAccess - The given value of type String from the data source cannot be converted to type uniqueidentifier of the specified target column.
2020-08-15 18:33:04,305 [1] ERROR DataAccess.SqlServerDataAccess - The given value of type String from the data source cannot be converted to type uniqueidentifier of the specified target column.
2020-08-15 18:34:55,770 [1] INFO ExcelToDatabase.App -         ============= Application Started  =============        
2020-08-15 18:35:15,819 [1] ERROR DataAccess.SqlServerDataAccess - The given value of type String from the data source cannot be converted to type uniqueidentifier of the specified target column.
2020-08-15 18:35:36,363 [1] ERROR DataAccess.SqlServerDataAccess - The given value of type String from the data source cannot be converted to type uniqueidentifier of the specified target column.
2020-08-15 18:36:03,186 [1] INFO ExcelToDatabase.App -         ============= Application Started  =============        
2020-08-15 18:36:25,102 [1] ERROR DataAccess.SqlServerDataAccess - The given value of type String from the data source cannot be converted to type uniqueidentifier of the specified target column.
2020-08-15 18:46:39,661 [1] INFO ExcelToDatabase.App -         ============= Application Started  =============        
2020-08-15 18:48:44,191 [1] INFO ExcelToDatabase.App -         ============= Application Started  =============        
2020-08-15 19:01:53,740 [1] INFO ExcelToDatabase.App -         ============= Application Started  =============        
2020-08-15 19:03:39,254 [1] INFO ExcelToDatabase.App -         ============= Application Started  =============        
2020-08-15 19:05:05,475 [1] INFO ExcelToDatabase.App -         ============= Application Started  =============        
2020-08-15 19:05:42,745 [1] ERROR DataAccess.SqlServerDataAccess - The given value of type String from the data source cannot be converted to type uniqueidentifier of the specified target column.
2020-08-15 19:08:15,293 [1] INFO ExcelToDatabase.App -         ============= Application Started  =============        
2020-08-15 19:08:40,556 [1] INFO ExcelToDatabase.App -         ============= Application Started  =============        
2020-08-15 19:09:29,469 [1] INFO ExcelToDatabase.App -         ============= Application Started  =============        
2020-08-15 19:09:55,866 [1] INFO ExcelToDatabase.App -         ============= Application Started  =============        
2020-08-15 19:12:34,249 [1] INFO ExcelToDatabase.App -         ============= Application Started  =============        
2020-08-15 19:14:02,953 [1] INFO ExcelToDatabase.App -         ============= Application Started  =============        
2020-08-15 19:20:33,509 [1] INFO ExcelToDatabase.App -         ============= Application Started  =============        
2020-08-15 19:30:53,774 [1] INFO ExcelToDatabase.App -         ============= Application Started  =============        
2020-08-15 19:35:15,038 [1] INFO ExcelToDatabase.App -         ============= Application Started  =============        
2020-08-15 19:36:30,706 [1] INFO ExcelToDatabase.App -         ============= Application Started  =============        
2020-08-15 19:37:36,530 [1] INFO ExcelToDatabase.App -         ============= Application Started  =============        
2020-08-15 19:38:20,322 [1] INFO ExcelToDatabase.App -         ============= Application Started  =============        
2020-08-15 19:40:54,168 [1] INFO ExcelToDatabase.App -         ============= Application Started  =============        
2020-08-15 19:42:20,645 [1] INFO ExcelToDatabase.App -         ============= Application Started  =============        
2020-08-15 20:28:36,866 [1] INFO ExcelToDatabase.App -         ============= Application Started  =============        
2020-08-15 20:29:01,844 [1] ERROR DataAccess.SqlServerDataAccess - Violation of PRIMARY KEY constraint 'PK__Account__3214EC078EDC9DBD'. Cannot insert duplicate key in object 'dbo.Account'. The duplicate key value is (46bd9747-98b4-4635-a63f-000173c0fd8c).
The statement has been terminated.
2020-08-15 20:36:51,594 [1] INFO ExcelToDatabase.App -         ============= Application Started  =============        
2020-08-15 20:38:47,956 [1] INFO ExcelToDatabase.App -         ============= Application Started  =============        
2020-08-15 20:40:07,668 [1] INFO ExcelToDatabase.App -         ============= Application Started  =============        
2020-08-15 20:42:46,701 [1] INFO ExcelToDatabase.App -         ============= Application Started  =============        
2020-08-15 20:42:57,297 [1] INFO ExcelToDatabase.App -         ============= Application Started  =============        
2020-08-15 20:43:51,068 [1] INFO ExcelToDatabase.App -         ============= Application Started  =============        
2020-08-15 20:45:42,018 [1] INFO ExcelToDatabase.App -         ============= Application Started  =============        
2020-08-15 20:48:22,772 [1] INFO ExcelToDatabase.App -         ============= Application Started  =============        
2020-08-15 20:49:08,567 [1] ERROR DataAccess.SqlServerDataAccess - Violation of PRIMARY KEY constraint 'PK__Account__3214EC078EDC9DBD'. Cannot insert duplicate key in object 'dbo.Account'. The duplicate key value is (46bd9747-98b4-4635-a63f-000173c0fd8c).
The statement has been terminated.
2020-08-15 20:49:28,558 [1] INFO ExcelToDatabase.App -         ============= Application Started  =============        
2020-08-15 20:49:46,333 [1] ERROR DataAccess.SqlServerDataAccess - Column 'CreatedOn' does not allow DBNull.Value.
2020-08-15 20:51:16,408 [1] INFO ExcelToDatabase.App -         ============= Application Started  =============        
2020-08-15 20:51:31,762 [1] ERROR DataAccess.SqlServerDataAccess - Violation of PRIMARY KEY constraint 'PK__Account__3214EC078EDC9DBD'. Cannot insert duplicate key in object 'dbo.Account'. The duplicate key value is (46bd9747-98b4-4635-a63f-000173c0fd8c).
The statement has been terminated.
2020-08-15 20:51:37,536 [1] ERROR DataAccess.SqlServerDataAccess - Violation of PRIMARY KEY constraint 'PK__Account__3214EC078EDC9DBD'. Cannot insert duplicate key in object 'dbo.Account'. The duplicate key value is (46bd9747-98b4-4635-a63f-000173c0fd8c).
The statement has been terminated.
2020-08-15 20:52:47,862 [1] INFO ExcelToDatabase.App -         ============= Application Started  =============        
2020-08-15 20:54:15,980 [1] INFO ExcelToDatabase.App -         ============= Application Started  =============        
2020-08-15 20:54:46,196 [1] ERROR DataAccess.SqlServerDataAccess - Cannot open database "sdf" requested by the login. The login failed.
Login failed for user 'DESKTOP-KGDL9CK\PC'.
2020-08-15 20:56:54,005 [1] INFO ExcelToDatabase.App -         ============= Application Started  =============        
2020-08-15 20:57:43,216 [1] ERROR DataAccess.SqlServerDataAccess - Violation of PRIMARY KEY constraint 'PK__Account__3214EC078EDC9DBD'. Cannot insert duplicate key in object 'dbo.Account'. The duplicate key value is (46bd9747-98b4-4635-a63f-000173c0fd8c).
The statement has been terminated.
